0 info it worked if it ends with ok
1 verbose cli [ '/usr/local/bin/node', '/usr/local/bin/npm', 'start' ]
2 info using npm@4.1.2
3 info using node@v6.9.1
4 verbose run-script [ 'prestart', 'start', 'poststart' ]
5 info lifecycle healthbot@1.0.0~prestart: healthbot@1.0.0
6 silly lifecycle healthbot@1.0.0~prestart: no script for prestart, continuing
7 info lifecycle healthbot@1.0.0~start: healthbot@1.0.0
8 verbose lifecycle healthbot@1.0.0~start: unsafe-perm in lifecycle true
9 verbose lifecycle healthbot@1.0.0~start: PATH: /usr/local/lib/node_modules/npm/bin/node-gyp-bin:/Users/Matt/Documents/healthbot/node_modules/.bin:/Users/Matt/.rvm/gems/ruby-2.4.0/bin:/Users/Matt/.rvm/gems/ruby-2.4.0@global/bin:/Users/Matt/.rvm/rubies/ruby-2.4.0/bin:/Users/Matt/.rvm/bin:/Users/Matt/.rbenv/shims:/Users/Matt/.rbenv/shims:/usr/bin:/bin:/usr/sbin:/sbin:/usr/local/bin:/Applications/Postgres.app/Contents/Versions/latest/bin:/Users/Matt/.rbenv/bin:/Users/Matt/.rbenv/bin
10 verbose lifecycle healthbot@1.0.0~start: CWD: /Users/Matt/Documents/healthbot
11 silly lifecycle healthbot@1.0.0~start: Args: [ '-c', 'babel-node  main.es6' ]
12 silly lifecycle healthbot@1.0.0~start: Returned: code: 1  signal: null
13 info lifecycle healthbot@1.0.0~start: Failed to exec start script
14 verbose stack Error: healthbot@1.0.0 start: `babel-node  main.es6`
14 verbose stack Exit status 1
14 verbose stack     at EventEmitter.<anonymous> (/usr/local/lib/node_modules/npm/lib/utils/lifecycle.js:279:16)
14 verbose stack     at emitTwo (events.js:106:13)
14 verbose stack     at EventEmitter.emit (events.js:191:7)
14 verbose stack     at ChildProcess.<anonymous> (/usr/local/lib/node_modules/npm/lib/utils/spawn.js:40:14)
14 verbose stack     at emitTwo (events.js:106:13)
14 verbose stack     at ChildProcess.emit (events.js:191:7)
14 verbose stack     at maybeClose (internal/child_process.js:877:16)
14 verbose stack     at Process.ChildProcess._handle.onexit (internal/child_process.js:226:5)
15 verbose pkgid healthbot@1.0.0
16 verbose cwd /Users/Matt/Documents/healthbot
17 error Darwin 15.6.0
18 error argv "/usr/local/bin/node" "/usr/local/bin/npm" "start"
19 error node v6.9.1
20 error npm  v4.1.2
21 error code ELIFECYCLE
22 error healthbot@1.0.0 start: `babel-node  main.es6`
22 error Exit status 1
23 error Failed at the healthbot@1.0.0 start script 'babel-node  main.es6'.
23 error Make sure you have the latest version of node.js and npm installed.
23 error If you do, this is most likely a problem with the healthbot package,
23 error not with npm itself.
23 error Tell the author that this fails on your system:
23 error     babel-node  main.es6
23 error You can get information on how to open an issue for this project with:
23 error     npm bugs healthbot
23 error Or if that isn't available, you can get their info via:
23 error     npm owner ls healthbot
23 error There is likely additional logging output above.
24 verbose exit [ 1, true ]
